# JRE version: OpenJDK Runtime Environment (17.0.11) (build 17.0.11+0--11852314)
# Java VM: OpenJDK 64-Bit Server VM (17.0.11+0--11852314, mixed mode, tiered, compressed oops, compressed class ptrs, g1 gc, windows-amd64)
GC Precious Log:
 CPUs: 4 total, 4 available
 Memory: 12174M
 Large Page Support: Disabled
 NUMA Support: Disabled
 Compressed Oops: Enabled (32-bit)
 Heap Region Size: 1M
 Heap Min Capacity: 8M
 Heap Initial Capacity: 192M
 Heap Max Capacity: 2G
 Pre-touch: Disabled
 Parallel Workers: 4
 Concurrent Workers: 1
 Concurrent Refinement Workers: 4
 Periodic GC: Disabled
Heap:
 garbage-first heap   total 144384K, used 115063K [0x0000000080000000, 0x0000000100000000)
  region size 1024K, 50 young (51200K), 5 survivors (5120K)
 Metaspace       used 86681K, committed 87360K, reserved 1179648K
  class space    used 12044K, committed 12352K, reserved 1048576K
GC Heap History (20 events):
Event: 12.194 GC heap after
{Heap after GC invocations=18 (full 0):
 garbage-first heap   total 109568K, used 53028K [0x0000000080000000, 0x0000000100000000)
  region size 1024K, 2 young (2048K), 2 survivors (2048K)
 Metaspace       used 60514K, committed 61056K, reserved 1114112K
  class space    used 8274K, committed 8576K, reserved 1048576K
}
Event: 12.907 GC heap before
{Heap before GC invocations=19 (full 0):
 garbage-first heap   total 109568K, used 86820K [0x0000000080000000, 0x0000000100000000)
  region size 1024K, 35 young (35840K), 2 survivors (2048K)
 Metaspace       used 63876K, committed 64448K, reserved 1114112K
  class space    used 8642K, committed 8896K, reserved 1048576K
}
Event: 12.911 GC heap after
{Heap after GC invocations=20 (full 0):
 garbage-first heap   total 109568K, used 53981K [0x0000000080000000, 0x0000000100000000)
  region size 1024K, 3 young (3072K), 3 survivors (3072K)
 Metaspace       used 63876K, committed 64448K, reserved 1114112K
  class space    used 8642K, committed 8896K, reserved 1048576K
}
Event: 13.448 GC heap before
{Heap before GC invocations=20 (full 0):
 garbage-first heap   total 109568K, used 76509K [0x0000000080000000, 0x0000000100000000)
  region size 1024K, 26 young (26624K), 3 survivors (3072K)
 Metaspace       used 67061K, committed 67648K, reserved 1114112K
  class space    used 9102K, committed 9408K, reserved 1048576K
}
Event: 13.457 GC heap after
{Heap after GC invocations=21 (full 0):
 garbage-first heap   total 109568K, used 56203K [0x0000000080000000, 0x0000000100000000)
  region size 1024K, 5 young (5120K), 5 survivors (5120K)
 Metaspace       used 67061K, committed 67648K, reserved 1114112K
  class space    used 9102K, committed 9408K, reserved 1048576K
}
Event: 14.084 GC heap before
{Heap before GC invocations=22 (full 0):
 garbage-first heap   total 119808K, used 93067K [0x0000000080000000, 0x0000000100000000)
  region size 1024K, 36 young (36864K), 5 survivors (5120K)
 Metaspace       used 68652K, committed 69184K, reserved 1114112K
  class space    used 9323K, committed 9600K, reserved 1048576K
}
Event: 14.093 GC heap after
{Heap after GC invocations=23 (full 0):
 garbage-first heap   total 119808K, used 59951K [0x0000000080000000, 0x0000000100000000)
  region size 1024K, 5 young (5120K), 5 survivors (5120K)
 Metaspace       used 68652K, committed 69184K, reserved 1114112K
  class space    used 9323K, committed 9600K, reserved 1048576K
}
Event: 14.727 GC heap before
{Heap before GC invocations=23 (full 0):
 garbage-first heap   total 119808K, used 94767K [0x0000000080000000, 0x0000000100000000)
  region size 1024K, 39 young (39936K), 5 survivors (5120K)
 Metaspace       used 71110K, committed 71680K, reserved 1114112K
  class space    used 9652K, committed 9920K, reserved 1048576K
}
Event: 14.737 GC heap after
{Heap after GC invocations=24 (full 0):
 garbage-first heap   total 119808K, used 62096K [0x0000000080000000, 0x0000000100000000)
  region size 1024K, 3 young (3072K), 3 survivors (3072K)
 Metaspace       used 71110K, committed 71680K, reserved 1114112K
  class space    used 9652K, committed 9920K, reserved 1048576K
}
Event: 15.222 GC heap before
{Heap before GC invocations=25 (full 0):
 garbage-first heap   total 119808K, used 95888K [0x0000000080000000, 0x0000000100000000)
  region size 1024K, 36 young (36864K), 3 survivors (3072K)
 Metaspace       used 75228K, committed 75840K, reserved 1179648K
  class space    used 10226K, committed 10560K, reserved 1048576K
}
Event: 15.229 GC heap after
{Heap after GC invocations=26 (full 0):
 garbage-first heap   total 119808K, used 62915K [0x0000000080000000, 0x0000000100000000)
  region size 1024K, 3 young (3072K), 3 survivors (3072K)
 Metaspace       used 75228K, committed 75840K, reserved 1179648K
  class space    used 10226K, committed 10560K, reserved 1048576K
}
Event: 15.700 GC heap before
{Heap before GC invocations=26 (full 0):
 garbage-first heap   total 119808K, used 97731K [0x0000000080000000, 0x0000000100000000)
  region size 1024K, 37 young (37888K), 3 survivors (3072K)
 Metaspace       used 76421K, committed 77056K, reserved 1179648K
  class space    used 10382K, committed 10688K, reserved 1048576K
}
Event: 15.711 GC heap after
{Heap after GC invocations=27 (full 0):
 garbage-first heap   total 144384K, used 66398K [0x0000000080000000, 0x0000000100000000)
  region size 1024K, 5 young (5120K), 5 survivors (5120K)
 Metaspace       used 76421K, committed 77056K, reserved 1179648K
  class space    used 10382K, committed 10688K, reserved 1048576K
}
Event: 16.708 GC heap before
{Heap before GC invocations=28 (full 0):
 garbage-first heap   total 144384K, used 112478K [0x0000000080000000, 0x0000000100000000)
  region size 1024K, 49 young (50176K), 5 survivors (5120K)
 Metaspace       used 79574K, committed 80192K, reserved 1179648K
  class space    used 10886K, committed 11200K, reserved 1048576K
}
Event: 16.718 GC heap after
{Heap after GC invocations=29 (full 0):
 garbage-first heap   total 144384K, used 67834K [0x0000000080000000, 0x0000000100000000)
  region size 1024K, 5 young (5120K), 5 survivors (5120K)
 Metaspace       used 79574K, committed 80192K, reserved 1179648K
  class space    used 10886K, committed 11200K, reserved 1048576K
}
Event: 16.769 GC heap before
{Heap before GC invocations=29 (full 0):
 garbage-first heap   total 144384K, used 68858K [0x0000000080000000, 0x0000000100000000)
  region size 1024K, 7 young (7168K), 5 survivors (5120K)
 Metaspace       used 79723K, committed 80320K, reserved 1179648K
  class space    used 10917K, committed 11200K, reserved 1048576K
}
Event: 16.779 GC heap after
{Heap after GC invocations=30 (full 0):
 garbage-first heap   total 144384K, used 67775K [0x0000000080000000, 0x0000000100000000)
  region size 1024K, 1 young (1024K), 1 survivors (1024K)
 Metaspace       used 79723K, committed 80320K, reserved 1179648K
  class space    used 10917K, committed 11200K, reserved 1048576K
}
Event: 17.747 GC heap before
{Heap before GC invocations=30 (full 0):
 garbage-first heap   total 144384K, used 114879K [0x0000000080000000, 0x0000000100000000)
  region size 1024K, 47 young (48128K), 1 survivors (1024K)
 Metaspace       used 83235K, committed 83904K, reserved 1179648K
  class space    used 11546K, committed 11904K, reserved 1048576K
}
Event: 17.753 GC heap after
{Heap after GC invocations=31 (full 0):
 garbage-first heap   total 144384K, used 68983K [0x0000000080000000, 0x0000000100000000)
  region size 1024K, 3 young (3072K), 3 survivors (3072K)
 Metaspace       used 83235K, committed 83904K, reserved 1179648K
  class space    used 11546K, committed 11904K, reserved 1048576K
}
Event: 18.873 GC heap before
{Heap before GC invocations=32 (full 0):
 garbage-first heap   total 144384K, used 115063K [0x0000000080000000, 0x0000000100000000)
  region size 1024K, 48 young (49152K), 3 survivors (3072K)
 Metaspace       used 86681K, committed 87360K, reserved 1179648K
  class space    used 12044K, committed 12352K, reserved 1048576K
}

